0 info it worked if it ends with ok
1 verbose cli [ '/usr/local/bin/node', '/usr/local/bin/npm', 'run', 'test' ]
2 info using npm@2.5.1
3 info using node@v0.12.0
4 verbose run-script [ 'pretest', 'test', 'posttest' ]
5 info pretest @
6 info test @
7 verbose unsafe-perm in lifecycle true
8 info @ Failed to exec test script
9 verbose stack Error: @ test: `node ../node_modules/mocha/bin/mocha`
9 verbose stack Exit status 2
9 verbose stack     at EventEmitter.<anonymous> (/usr/local/lib/node_modules/npm/lib/utils/lifecycle.js:213:16)
9 verbose stack     at EventEmitter.emit (events.js:110:17)
9 verbose stack     at ChildProcess.<anonymous> (/usr/local/lib/node_modules/npm/lib/utils/spawn.js:14:12)
9 verbose stack     at ChildProcess.emit (events.js:110:17)
9 verbose stack     at maybeClose (child_process.js:1008:16)
9 verbose stack     at Process.ChildProcess._handle.onexit (child_process.js:1080:5)
10 verbose pkgid @
11 verbose cwd /Users/dbadrov/Projects/demos/exercises/async
12 error Darwin 13.4.0
13 error argv "/usr/local/bin/node" "/usr/local/bin/npm" "run" "test"
14 error node v0.12.0
15 error npm  v2.5.1
16 error code ELIFECYCLE
17 error @ test: `node ../node_modules/mocha/bin/mocha`
17 error Exit status 2
18 error Failed at the @ test script 'node ../node_modules/mocha/bin/mocha'.
18 error This is most likely a problem with the  package,
18 error not with npm itself.
18 error Tell the author that this fails on your system:
18 error     node ../node_modules/mocha/bin/mocha
18 error You can get their info via:
18 error     npm owner ls
18 error There is likely additional logging output above.
19 verbose exit [ 1, true ]
